# JRE version: Java(TM) SE Runtime Environment (8.0_191-b12) (build 1.8.0_191-b12)
# Java VM: Java HotSpot(TM) 64-Bit Server VM (25.191-b12 mixed mode bsd-amd64 compressed oops)
Heap:
 PSYoungGen      total 68608K, used 11382K [0x00000007bab00000, 0x00000007bff80000, 0x00000007c0000000)
  eden space 51712K, 1% used [0x00000007bab00000,0x00000007babac730,0x00000007bdd80000)
  from space 16896K, 63% used [0x00000007bef00000,0x00000007bf971168,0x00000007bff80000)
  to   space 17408K, 0% used [0x00000007bdd80000,0x00000007bdd80000,0x00000007bee80000)
 ParOldGen       total 87040K, used 25788K [0x00000007b0000000, 0x00000007b5500000, 0x00000007bab00000)
  object space 87040K, 29% used [0x00000007b0000000,0x00000007b192f268,0x00000007b5500000)
 Metaspace       used 43147K, capacity 46234K, committed 46540K, reserved 1089536K
  class space    used 6405K, capacity 7256K, committed 7372K, reserved 1048576K
GC Heap History (10 events):
Event: 818.051 GC heap before
{Heap before GC invocations=42 (full 6):
 PSYoungGen      total 72704K, used 72425K [0x00000007bab00000, 0x00000007c0000000, 0x00000007c0000000)
  eden space 62464K, 100% used [0x00000007bab00000,0x00000007be800000,0x00000007be800000)
  from space 10240K, 97% used [0x00000007be800000,0x00000007bf1ba6d0,0x00000007bf200000)
  to   space 13312K, 0% used [0x00000007bf300000,0x00000007bf300000,0x00000007c0000000)
 ParOldGen       total 87040K, used 22895K [0x00000007b0000000, 0x00000007b5500000, 0x00000007bab00000)
  object space 87040K, 26% used [0x00000007b0000000,0x00000007b165be70,0x00000007b5500000)
 Metaspace       used 42877K, capacity 45932K, committed 46284K, reserved 1087488K
  class space    used 6382K, capacity 7237K, committed 7372K, reserved 1048576K
Event: 818.067 GC heap after
Heap after GC invocations=42 (full 6):
 PSYoungGen      total 71680K, used 9727K [0x00000007bab00000, 0x00000007c0000000, 0x00000007c0000000)
  eden space 58368K, 0% used [0x00000007bab00000,0x00000007bab00000,0x00000007be400000)
  from space 13312K, 73% used [0x00000007bf300000,0x00000007bfc7ffd8,0x00000007c0000000)
  to   space 14336K, 0% used [0x00000007be400000,0x00000007be400000,0x00000007bf200000)
 ParOldGen       total 87040K, used 22895K [0x00000007b0000000, 0x00000007b5500000, 0x00000007bab00000)
  object space 87040K, 26% used [0x00000007b0000000,0x00000007b165be70,0x00000007b5500000)
 Metaspace       used 42877K, capacity 45932K, committed 46284K, reserved 1087488K
  class space    used 6382K, capacity 7237K, committed 7372K, reserved 1048576K
}
Event: 892.251 GC heap before
{Heap before GC invocations=43 (full 6):
 PSYoungGen      total 71680K, used 68095K [0x00000007bab00000, 0x00000007c0000000, 0x00000007c0000000)
  eden space 58368K, 100% used [0x00000007bab00000,0x00000007be400000,0x00000007be400000)
  from space 13312K, 73% used [0x00000007bf300000,0x00000007bfc7ffd8,0x00000007c0000000)
  to   space 14336K, 0% used [0x00000007be400000,0x00000007be400000,0x00000007bf200000)
 ParOldGen       total 87040K, used 22895K [0x00000007b0000000, 0x00000007b5500000, 0x00000007bab00000)
  object space 87040K, 26% used [0x00000007b0000000,0x00000007b165be70,0x00000007b5500000)
 Metaspace       used 42877K, capacity 45932K, committed 46284K, reserved 1087488K
  class space    used 6382K, capacity 7237K, committed 7372K, reserved 1048576K
Event: 892.295 GC heap after
Heap after GC invocations=43 (full 6):
 PSYoungGen      total 68608K, used 9758K [0x00000007bab00000, 0x00000007c0000000, 0x00000007c0000000)
  eden space 58368K, 0% used [0x00000007bab00000,0x00000007bab00000,0x00000007be400000)
  from space 10240K, 95% used [0x00000007be400000,0x00000007bed87b88,0x00000007bee00000)
  to   space 14848K, 0% used [0x00000007bf180000,0x00000007bf180000,0x00000007c0000000)
 ParOldGen       total 87040K, used 22895K [0x00000007b0000000, 0x00000007b5500000, 0x00000007bab00000)
  object space 87040K, 26% used [0x00000007b0000000,0x00000007b165be70,0x00000007b5500000)
 Metaspace       used 42877K, capacity 45932K, committed 46284K, reserved 1087488K
  class space    used 6382K, capacity 7237K, committed 7372K, reserved 1048576K
}
Event: 1827.800 GC heap before
{Heap before GC invocations=44 (full 6):
 PSYoungGen      total 68608K, used 66346K [0x00000007bab00000, 0x00000007c0000000, 0x00000007c0000000)
  eden space 58368K, 96% used [0x00000007bab00000,0x00000007be242f78,0x00000007be400000)
  from space 10240K, 95% used [0x00000007be400000,0x00000007bed87b88,0x00000007bee00000)
  to   space 14848K, 0% used [0x00000007bf180000,0x00000007bf180000,0x00000007c0000000)
 ParOldGen       total 87040K, used 22895K [0x00000007b0000000, 0x00000007b5500000, 0x00000007bab00000)
  object space 87040K, 26% used [0x00000007b0000000,0x00000007b165be70,0x00000007b5500000)
 Metaspace       used 43007K, capacity 46080K, committed 46284K, reserved 1087488K
  class space    used 6400K, capacity 7251K, committed 7372K, reserved 1048576K
Event: 1827.873 GC heap after
Heap after GC invocations=44 (full 6):
 PSYoungGen      total 69120K, used 13074K [0x00000007bab00000, 0x00000007c0000000, 0x00000007c0000000)
  eden space 54272K, 0% used [0x00000007bab00000,0x00000007bab00000,0x00000007be000000)
  from space 14848K, 88% used [0x00000007bf180000,0x00000007bfe44990,0x00000007c0000000)
  to   space 16384K, 0% used [0x00000007be000000,0x00000007be000000,0x00000007bf000000)
 ParOldGen       total 87040K, used 25780K [0x00000007b0000000, 0x00000007b5500000, 0x00000007bab00000)
  object space 87040K, 29% used [0x00000007b0000000,0x00000007b192d268,0x00000007b5500000)
 Metaspace       used 43007K, capacity 46080K, committed 46284K, reserved 1087488K
  class space    used 6400K, capacity 7251K, committed 7372K, reserved 1048576K
}
Event: 2760.536 GC heap before
{Heap before GC invocations=45 (full 6):
 PSYoungGen      total 69120K, used 67346K [0x00000007bab00000, 0x00000007c0000000, 0x00000007c0000000)
  eden space 54272K, 100% used [0x00000007bab00000,0x00000007be000000,0x00000007be000000)
  from space 14848K, 88% used [0x00000007bf180000,0x00000007bfe44990,0x00000007c0000000)
  to   space 16384K, 0% used [0x00000007be000000,0x00000007be000000,0x00000007bf000000)
 ParOldGen       total 87040K, used 25780K [0x00000007b0000000, 0x00000007b5500000, 0x00000007bab00000)
  object space 87040K, 29% used [0x00000007b0000000,0x00000007b192d268,0x00000007b5500000)
 Metaspace       used 43124K, capacity 46226K, committed 46540K, reserved 1089536K
  class space    used 6403K, capacity 7254K, committed 7372K, reserved 1048576K
Event: 2760.577 GC heap after
Heap after GC invocations=45 (full 6):
 PSYoungGen      total 64000K, used 11118K [0x00000007bab00000, 0x00000007bff80000, 0x00000007c0000000)
  eden space 52736K, 0% used [0x00000007bab00000,0x00000007bab00000,0x00000007bde80000)
  from space 11264K, 98% used [0x00000007be000000,0x00000007beadb8c8,0x00000007beb00000)
  to   space 16896K, 0% used [0x00000007bef00000,0x00000007bef00000,0x00000007bff80000)
 ParOldGen       total 87040K, used 25788K [0x00000007b0000000, 0x00000007b5500000, 0x00000007bab00000)
  object space 87040K, 29% used [0x00000007b0000000,0x00000007b192f268,0x00000007b5500000)
 Metaspace       used 43124K, capacity 46226K, committed 46540K, reserved 1089536K
  class space    used 6403K, capacity 7254K, committed 7372K, reserved 1048576K
}
Event: 4081.045 GC heap before
{Heap before GC invocations=46 (full 6):
 PSYoungGen      total 64000K, used 63854K [0x00000007bab00000, 0x00000007bff80000, 0x00000007c0000000)
  eden space 52736K, 100% used [0x00000007bab00000,0x00000007bde80000,0x00000007bde80000)
  from space 11264K, 98% used [0x00000007be000000,0x00000007beadb8c8,0x00000007beb00000)
  to   space 16896K, 0% used [0x00000007bef00000,0x00000007bef00000,0x00000007bff80000)
 ParOldGen       total 87040K, used 25788K [0x00000007b0000000, 0x00000007b5500000, 0x00000007bab00000)
  object space 87040K, 29% used [0x00000007b0000000,0x00000007b192f268,0x00000007b5500000)
 Metaspace       used 43143K, capacity 46226K, committed 46540K, reserved 1089536K
  class space    used 6403K, capacity 7254K, committed 7372K, reserved 1048576K
Event: 4081.105 GC heap after
Heap after GC invocations=46 (full 6):
 PSYoungGen      total 68608K, used 10692K [0x00000007bab00000, 0x00000007bff80000, 0x00000007c0000000)
  eden space 51712K, 0% used [0x00000007bab00000,0x00000007bab00000,0x00000007bdd80000)
  from space 16896K, 63% used [0x00000007bef00000,0x00000007bf971168,0x00000007bff80000)
  to   space 17408K, 0% used [0x00000007bdd80000,0x00000007bdd80000,0x00000007bee80000)
 ParOldGen       total 87040K, used 25788K [0x00000007b0000000, 0x00000007b5500000, 0x00000007bab00000)
  object space 87040K, 29% used [0x00000007b0000000,0x00000007b192f268,0x00000007b5500000)
 Metaspace       used 43143K, capacity 46226K, committed 46540K, reserved 1089536K
  class space    used 6403K, capacity 7254K, committed 7372K, reserved 1048576K
}

